<?xml version="1.0" encoding="utf-8"?><testsuites name="pytest tests"><testsuite name="pytest" errors="0" failures="0" skipped="0" tests="40" time="6.913" timestamp="2026-07-15T14:41:34.655583+00:00" hostname="agent-env-48371ce9-f2b0-4309-95ab-6baaa157d0c3"><testcase classname="tests.backend_test.TestCategories" name="test_list_public" time="0.137" /><testcase classname="tests.backend_test.TestNewsPublic" name="test_list_default" time="0.163" /><testcase classname="tests.backend_test.TestNewsPublic" name="test_flash_filter" time="0.317" /><testcase classname="tests.backend_test.TestNewsPublic" name="test_search_query" time="0.104" /><testcase classname="tests.backend_test.TestCategories" name="test_create_update_delete_category" time="1.139" /><testcase classname="tests.backend_test.TestNewsPublic" name="test_pagination" time="0.224" /><testcase classname="tests.backend_test.TestNewsPublic" name="test_category_filter" time="0.133" /><testcase classname="tests.backend_test.TestAuth" name="test_login_success" time="0.368" /><testcase classname="tests.backend_test.TestCategories" name="test_create_duplicate_category_fails" time="0.107" /><testcase classname="tests.backend_test.TestAuth" name="test_login_bad_password" time="0.395" /><testcase classname="tests.backend_test.TestCategories" name="test_delete_category_with_articles_fails" time="0.278" /><testcase classname="tests.backend_test.TestCategories" name="test_admin_requires_auth" time="0.110" /><testcase classname="tests.backend_test.TestAuth" name="test_me_requires_auth" time="0.141" /><testcase classname="tests.backend_test.TestLiveTV" name="test_get_settings" time="0.153" /><testcase classname="tests.backend_test.TestLiveTV" name="test_update_settings_youtube" time="0.373" /><testcase classname="tests.backend_test.TestAuth" name="test_me_with_token" time="0.604" /><testcase classname="tests.backend_test.TestLiveTV" name="test_update_settings_mp4" time="0.109" /><testcase classname="tests.backend_test.TestLiveTV" name="test_restore_original" time="0.108" /><testcase classname="tests.backend_test.TestYoutube" name="test_get_youtube_settings" time="0.117" /><testcase classname="tests.backend_test.TestAds" name="test_public_list_ads" time="0.100" /><testcase classname="tests.backend_test.TestYoutube" name="test_sync_requires_channel_id" time="0.246" /><testcase classname="tests.backend_test.TestAds" name="test_create_ad" time="0.265" /><testcase classname="tests.backend_test.TestYoutube" name="test_sync_imports_and_dedupes" time="0.579" /><testcase classname="tests.backend_test.TestAds" name="test_toggle_ad_inactive" time="0.952" /><testcase classname="tests.backend_test.TestYoutube" name="test_restore_youtube_settings" time="0.116" /><testcase classname="tests.backend_test.TestPages" name="test_get_privacy_default" time="0.109" /><testcase classname="tests.backend_test.TestPages" name="test_get_terms_default" time="0.104" /><testcase classname="tests.backend_test.TestPages" name="test_update_privacy_and_restore" time="0.350" /><testcase classname="tests.backend_test.TestAds" name="test_delete_ad" time="0.306" /><testcase classname="tests.backend_test.TestPages" name="test_page_not_found" time="0.097" /><testcase classname="tests.backend_test.TestBodyFont" name="test_create_article_with_body_font" time="0.245" /><testcase classname="tests.backend_test.TestNewsAdmin" name="test_create_article_with_flash_and_gallery" time="0.380" /><testcase classname="tests.backend_test.TestBodyFont" name="test_view_count_increment" time="0.324" /><testcase classname="tests.backend_test.TestNewsAdmin" name="test_cleanup" time="0.103" /><testcase classname="tests.backend_test.TestContact" name="test_get_contact" time="0.119" /><testcase classname="tests.backend_test.TestBodyFont" name="test_cleanup" time="0.121" /><testcase classname="tests.backend_test.TestContact" name="test_update_contact_persist_and_restore" time="1.413" /><testcase classname="tests.backend_test.TestWidgets" name="test_weather" time="0.645" /><testcase classname="tests.backend_test.TestWidgets" name="test_stock" time="0.586" /><testcase classname="tests.backend_test.TestHealth" name="test_root" time="0.106" /></testsuite></testsuites>