<?xml version="1.0" encoding="utf-8"?><testsuites name="pytest tests"><testsuite name="pytest" errors="0" failures="0" skipped="0" tests="6" time="2.140" timestamp="2026-07-15T14:49:13.192383+00:00" hostname="agent-env-48371ce9-f2b0-4309-95ab-6baaa157d0c3"><testcase classname="tests.test_iteration4_retest.TestArticleRegionRoundTrip" name="test_create_ka_and_get" time="0.660" /><testcase classname="tests.test_iteration4_retest.TestArticleRegionRoundTrip" name="test_create_tn_and_national" time="0.266" /><testcase classname="tests.test_iteration4_retest.TestArticleRegionRoundTrip" name="test_filter_by_karnataka_includes_ka_excludes_tn" time="0.111" /><testcase classname="tests.test_iteration4_retest.TestArticleRegionRoundTrip" name="test_filter_by_telangana_excludes_ka_and_tn" time="0.112" /><testcase classname="tests.test_iteration4_retest.TestArticleRegionRoundTrip" name="test_filter_national_returns_only_national_and_legacy" time="0.137" /><testcase classname="tests.test_iteration4_retest.TestArticleRegionRoundTrip" name="test_cleanup" time="0.338" /></testsuite></testsuites>