<?xml version="1.0" encoding="utf-8"?><testsuites name="pytest tests"><testsuite name="pytest" errors="0" failures="6" skipped="0" tests="22" time="3.669" timestamp="2026-07-15T14:33:32.590070+00:00" hostname="agent-env-48371ce9-f2b0-4309-95ab-6baaa157d0c3"><testcase classname="tests.test_iteration4.TestFlashConfig" name="test_get_default_flash_config" time="0.498" /><testcase classname="tests.test_iteration4.TestNewsRegion" name="test_create_articles_by_region" time="0.618"><failure message="KeyError: 'region'">backend/tests/test_iteration4.py:274: in test_create_articles_by_region
    assert d["region"] == "andhra_pradesh"
           ^^^^^^^^^^^
E   KeyError: 'region'</failure></testcase><testcase classname="tests.test_iteration4.TestFlashConfig" name="test_put_flash_config_requires_auth" time="0.154" /><testcase classname="tests.test_iteration4.TestNewsRegion" name="test_filter_news_by_region_ap" time="0.371"><failure message="AssertionError: assert None in {'027769c7-db9d-481b-ab7d-b8c956f1c0ac', '03b06c6d-962e-468b-aee2-7f0174b6ee2e', '0460d52c-98fd-4476-87e9-b80531edc9f4', '0ba0d3c0-296e-4ffc-8298-d1a8c01daae6', '16b8d3bf-75ee-42d0-9323-0b0c9d7b5df9', '1a1dd157-7224-4b00-9e8d-62e2c8f62e4f', ...}&#10; +  where None = TestNewsRegion._created_ap">backend/tests/test_iteration4.py:294: in test_filter_news_by_region_ap
    assert TestNewsRegion._created_ap in ids
E   AssertionError: assert None in {'027769c7-db9d-481b-ab7d-b8c956f1c0ac', '03b06c6d-962e-468b-aee2-7f0174b6ee2e', '0460d52c-98fd-4476-87e9-b80531edc9f4', '0ba0d3c0-296e-4ffc-8298-d1a8c01daae6', '16b8d3bf-75ee-42d0-9323-0b0c9d7b5df9', '1a1dd157-7224-4b00-9e8d-62e2c8f62e4f', ...}
E    +  where None = TestNewsRegion._created_ap</failure></testcase><testcase classname="tests.test_iteration4.TestFlashConfig" name="test_put_flash_config_and_news_filter" time="0.559" /><testcase classname="tests.test_iteration4.TestNewsRegion" name="test_filter_news_by_region_ka_excludes_ap" time="0.136"><failure message="AssertionError: assert None in {'027769c7-db9d-481b-ab7d-b8c956f1c0ac', '03b06c6d-962e-468b-aee2-7f0174b6ee2e', '0460d52c-98fd-4476-87e9-b80531edc9f4', '0ba0d3c0-296e-4ffc-8298-d1a8c01daae6', '16b8d3bf-75ee-42d0-9323-0b0c9d7b5df9', '1a1dd157-7224-4b00-9e8d-62e2c8f62e4f', ...}&#10; +  where None = TestNewsRegion._created_ka">backend/tests/test_iteration4.py:307: in test_filter_news_by_region_ka_excludes_ap
    assert TestNewsRegion._created_ka in ids
E   AssertionError: assert None in {'027769c7-db9d-481b-ab7d-b8c956f1c0ac', '03b06c6d-962e-468b-aee2-7f0174b6ee2e', '0460d52c-98fd-4476-87e9-b80531edc9f4', '0ba0d3c0-296e-4ffc-8298-d1a8c01daae6', '16b8d3bf-75ee-42d0-9323-0b0c9d7b5df9', '1a1dd157-7224-4b00-9e8d-62e2c8f62e4f', ...}
E    +  where None = TestNewsRegion._created_ka</failure></testcase><testcase classname="tests.test_iteration4.TestNewsRegion" name="test_filter_news_by_region_telangana" time="0.103" /><testcase classname="tests.test_iteration4.TestFlashConfig" name="test_use_featured_only_switch" time="0.219" /><testcase classname="tests.test_iteration4.TestNewsRegion" name="test_news_source_filter" time="0.143" /><testcase classname="tests.test_iteration4.TestNewsRegion" name="test_cleanup" time="0.000" /><testcase classname="tests.test_iteration4.TestRegions" name="test_list_regions" time="0.101" /><testcase classname="tests.test_iteration4.TestFlashConfig" name="test_restore_flash_config" time="0.246" /><testcase classname="tests.test_iteration4.TestRegions" name="test_detect_region_hyderabad_telangana" time="0.102" /><testcase classname="tests.test_iteration4.TestRegions" name="test_detect_region_chennai_tamil_nadu" time="0.140"><failure message="AssertionError: assert 'andhra_pradesh' == 'tamil_nadu'&#10;  &#10;  - tamil_nadu&#10;  + andhra_pradesh">backend/tests/test_iteration4.py:248: in test_detect_region_chennai_tamil_nadu
    assert d["region"] == "tamil_nadu"
E   AssertionError: assert 'andhra_pradesh' == 'tamil_nadu'
E     
E     - tamil_nadu
E     + andhra_pradesh</failure></testcase><testcase classname="tests.test_iteration4.TestTheme" name="test_get_default_theme" time="0.146" /><testcase classname="tests.test_iteration4.TestRegions" name="test_detect_region_delhi_national" time="0.111" /><testcase classname="tests.test_iteration4.TestTheme" name="test_put_theme_requires_auth" time="0.105" /><testcase classname="tests.test_iteration4.TestContactSocial" name="test_get_contact_has_social_fields" time="1.179"><failure message="AssertionError: missing key twitter&#10;assert 'twitter' in {'phone': '9393950505', 'email': 'news9today99@gmail.com', 'address': 'Hyderabad, Telangana'}">backend/tests/test_iteration4.py:177: in test_get_contact_has_social_fields
    assert k in d, f"missing key {k}"
E   AssertionError: missing key twitter
E   assert 'twitter' in {'phone': '9393950505', 'email': 'news9today99@gmail.com', 'address': 'Hyderabad, Telangana'}</failure></testcase><testcase classname="tests.test_iteration4.TestTheme" name="test_put_theme_roundtrip" time="0.205" /><testcase classname="tests.test_iteration4.TestTheme" name="test_restore_theme" time="0.215" /><testcase classname="tests.test_iteration4.TestContactSocial" name="test_put_contact_preserves_socials" time="0.000"><failure message="AttributeError: 'NoneType' object has no attribute 'get'">backend/tests/test_iteration4.py:182: in test_put_contact_preserves_socials
    "phone": TestContactSocial._original.get("phone", "9393950505"),
             ^^^^^^^^^^^^^^^^^^^^^^^^^^^^^^^
E   AttributeError: 'NoneType' object has no attribute 'get'</failure></testcase><testcase classname="tests.test_iteration4.TestContactSocial" name="test_restore_contact" time="0.099" /></testsuite></testsuites>