<?xml version="1.0" encoding="utf-8"?><testsuites name="pytest tests"><testsuite name="pytest" errors="0" failures="0" skipped="0" tests="22" time="3.130" timestamp="2026-07-15T14:41:20.528321+00:00" hostname="agent-env-48371ce9-f2b0-4309-95ab-6baaa157d0c3"><testcase classname="tests.test_iteration4.TestFlashConfig" name="test_get_default_flash_config" time="0.466" /><testcase classname="tests.test_iteration4.TestNewsRegion" name="test_create_articles_by_region" time="0.672" /><testcase classname="tests.test_iteration4.TestFlashConfig" name="test_put_flash_config_requires_auth" time="0.111" /><testcase classname="tests.test_iteration4.TestNewsRegion" name="test_filter_news_by_region_ap" time="0.251" /><testcase classname="tests.test_iteration4.TestNewsRegion" name="test_filter_news_by_region_ka_excludes_ap" time="0.108" /><testcase classname="tests.test_iteration4.TestFlashConfig" name="test_put_flash_config_and_news_filter" time="0.636" /><testcase classname="tests.test_iteration4.TestNewsRegion" name="test_filter_news_by_region_telangana" time="0.107" /><testcase classname="tests.test_iteration4.TestNewsRegion" name="test_news_source_filter" time="0.107" /><testcase classname="tests.test_iteration4.TestFlashConfig" name="test_use_featured_only_switch" time="0.258" /><testcase classname="tests.test_iteration4.TestNewsRegion" name="test_cleanup" time="0.239" /><testcase classname="tests.test_iteration4.TestFlashConfig" name="test_restore_flash_config" time="0.220" /><testcase classname="tests.test_iteration4.TestTheme" name="test_get_default_theme" time="0.156" /><testcase classname="tests.test_iteration4.TestTheme" name="test_put_theme_requires_auth" time="0.115" /><testcase classname="tests.test_iteration4.TestRegions" name="test_list_regions" time="0.108" /><testcase classname="tests.test_iteration4.TestTheme" name="test_put_theme_roundtrip" time="0.219" /><testcase classname="tests.test_iteration4.TestRegions" name="test_detect_region_hyderabad_telangana" time="0.119" /><testcase classname="tests.test_iteration4.TestRegions" name="test_detect_region_chennai_tamil_nadu" time="0.106" /><testcase classname="tests.test_iteration4.TestTheme" name="test_restore_theme" time="0.201" /><testcase classname="tests.test_iteration4.TestRegions" name="test_detect_region_delhi_national" time="0.114" /><testcase classname="tests.test_iteration4.TestContactSocial" name="test_get_contact_has_social_fields" time="0.105" /><testcase classname="tests.test_iteration4.TestContactSocial" name="test_put_contact_preserves_socials" time="0.231" /><testcase classname="tests.test_iteration4.TestContactSocial" name="test_restore_contact" time="0.113" /></testsuite></testsuites>