<?xml version="1.0" encoding="utf-8"?><testsuites name="pytest tests"><testsuite name="pytest" errors="0" failures="1" skipped="0" tests="43" time="9.817" timestamp="2026-07-15T14:43:35.713859+00:00" hostname="agent-env-48371ce9-f2b0-4309-95ab-6baaa157d0c3"><testcase classname="tests.test_iteration4_retest.TestAdminAuthEnforcement" name="test_admin_endpoint_requires_auth[POST-/admin/news-body0]" time="0.231" /><testcase classname="tests.test_iteration4_retest.TestAdminAuthEnforcement" name="test_admin_endpoint_requires_auth[GET-/admin/news-None]" time="0.251" /><testcase classname="tests.test_iteration4_retest.TestArticleRegionRoundTrip" name="test_create_ka_and_get" time="0.762" /><testcase classname="tests.test_iteration4_retest.TestAdminAuthEnforcement" name="test_admin_endpoint_requires_auth[PUT-/admin/settings/theme-body2]" time="0.118" /><testcase classname="tests.test_iteration4_retest.TestAdminAuthEnforcement" name="test_admin_endpoint_requires_auth[PUT-/admin/settings/contact-body3]" time="0.111" /><testcase classname="tests.test_iteration4_retest.TestAdminAuthEnforcement" name="test_admin_endpoint_requires_auth[PUT-/admin/settings/livetv-body4]" time="0.104" /><testcase classname="tests.test_iteration4_retest.TestArticleRegionRoundTrip" name="test_create_tn_and_national" time="0.209" /><testcase classname="tests.test_iteration4_retest.TestAdminAuthEnforcement" name="test_admin_endpoint_requires_auth[PUT-/admin/settings/youtube-body5]" time="0.111" /><testcase classname="tests.test_iteration4_retest.TestAdminAuthEnforcement" name="test_admin_endpoint_requires_auth[PUT-/admin/settings/flash-config-body6]" time="0.102" /><testcase classname="tests.test_iteration4_retest.TestArticleRegionRoundTrip" name="test_filter_by_karnataka_includes_ka_excludes_tn" time="0.125" /><testcase classname="tests.test_iteration4_retest.TestAdminAuthEnforcement" name="test_admin_endpoint_requires_auth[POST-/admin/ads-body7]" time="0.121" /><testcase classname="tests.test_iteration4_retest.TestArticleRegionRoundTrip" name="test_filter_by_telangana_excludes_ka_and_tn" time="0.118" /><testcase classname="tests.test_iteration4_retest.TestAdminAuthEnforcement" name="test_admin_endpoint_requires_auth[GET-/admin/ads-None]" time="0.103" /><testcase classname="tests.test_iteration4_retest.TestArticleRegionRoundTrip" name="test_filter_national_returns_only_national_and_legacy" time="0.118"><failure message="AssertionError: karnataka article leaked into region=national result&#10;assert 'ee190bf1-6d36-4d24-96de-aea37cfbf3c3' not in {'027769c7-db9d-481b-ab7d-b8c956f1c0ac', '03b06c6d-962e-468b-aee2-7f0174b6ee2e', '0460d52c-98fd-4476-87e9-b80531edc9f4', '0ba0d3c0-296e-4ffc-8298-d1a8c01daae6', '0bc23e58-a87d-4bfa-89ff-3473c0119fcc', '0be343fd-b096-43e1-80d8-7f84de96a6c8', ...}&#10; +  where 'ee190bf1-6d36-4d24-96de-aea37cfbf3c3' = TestArticleRegionRoundTrip._ka_id">backend/tests/test_iteration4_retest.py:156: in test_filter_national_returns_only_national_and_legacy
    assert TestArticleRegionRoundTrip._ka_id not in ids, \
E   AssertionError: karnataka article leaked into region=national result
E   assert 'ee190bf1-6d36-4d24-96de-aea37cfbf3c3' not in {'027769c7-db9d-481b-ab7d-b8c956f1c0ac', '03b06c6d-962e-468b-aee2-7f0174b6ee2e', '0460d52c-98fd-4476-87e9-b80531edc9f4', '0ba0d3c0-296e-4ffc-8298-d1a8c01daae6', '0bc23e58-a87d-4bfa-89ff-3473c0119fcc', '0be343fd-b096-43e1-80d8-7f84de96a6c8', ...}
E    +  where 'ee190bf1-6d36-4d24-96de-aea37cfbf3c3' = TestArticleRegionRoundTrip._ka_id</failure></testcase><testcase classname="tests.test_iteration4_retest.TestAdminAuthEnforcement" name="test_admin_endpoint_requires_auth[PUT-/admin/pages/privacy-body9]" time="0.150" /><testcase classname="tests.test_iteration4_retest.TestArticleRegionRoundTrip" name="test_cleanup" time="0.390" /><testcase classname="tests.test_iteration4_retest.TestAdminAuthEnforcement" name="test_admin_endpoint_requires_auth[POST-/admin/youtube/sync-None]" time="0.148" /><testcase classname="tests.test_iteration4_retest.TestAdminAuthEnforcement" name="test_admin_endpoint_requires_auth[POST-/admin/categories-body11]" time="0.125" /><testcase classname="tests.test_iteration4_retest.TestGeoDetectRegionExtra" name="test_bengaluru_karnataka" time="0.143" /><testcase classname="tests.test_iteration4_retest.TestAdsCRUD" name="test_create_ad" time="0.103" /><testcase classname="tests.test_iteration4_retest.TestGeoDetectRegionExtra" name="test_vizag_andhra_pradesh" time="0.095" /><testcase classname="tests.test_iteration4_retest.TestAdsCRUD" name="test_public_ads_lists_active" time="0.143" /><testcase classname="tests.test_iteration4_retest.TestGeoDetectRegionExtra" name="test_hyderabad_telangana" time="0.125" /><testcase classname="tests.test_iteration4_retest.TestAdsCRUD" name="test_admin_ads_list" time="0.098" /><testcase classname="tests.test_iteration4_retest.TestGeoDetectRegionExtra" name="test_mumbai_national" time="0.116" /><testcase classname="tests.test_iteration4_retest.TestAdsCRUD" name="test_update_ad" time="0.126" /><testcase classname="tests.test_iteration4_retest.TestGeoDetectRegionExtra" name="test_delhi_national" time="0.113" /><testcase classname="tests.test_iteration4_retest.TestAdsCRUD" name="test_inactive_not_in_public" time="0.105" /><testcase classname="tests.test_iteration4_retest.TestPagesEditor" name="test_load_originals" time="0.429" /><testcase classname="tests.test_iteration4_retest.TestAdsCRUD" name="test_delete_ad" time="0.211" /><testcase classname="tests.test_iteration4_retest.TestYoutubeSyncReal" name="test_save_channel_and_sync" time="0.784" /><testcase classname="tests.test_iteration4_retest.TestPagesEditor" name="test_update_privacy_and_verify" time="0.720" /><testcase classname="tests.test_iteration4_retest.TestYoutubeSyncReal" name="test_sync_dedupe" time="0.182" /><testcase classname="tests.test_iteration4_retest.TestPagesEditor" name="test_update_terms_and_verify" time="0.289" /><testcase classname="tests.test_iteration4_retest.TestYoutubeSyncReal" name="test_imported_articles_have_source_youtube" time="0.104" /><testcase classname="tests.test_iteration4_retest.TestYoutubeSyncReal" name="test_cleanup_youtube_imports" time="5.253" /><testcase classname="tests.test_iteration4_retest.TestPagesEditor" name="test_restore_pages" time="0.229" /><testcase classname="tests.test_iteration4_retest.TestNewsPayloadShape" name="test_news_list_includes_region_source_views" time="0.101" /><testcase classname="tests.test_iteration4_retest.TestNewsPayloadShape" name="test_settings_contact_defaults_present" time="0.102" /><testcase classname="tests.test_iteration4_retest.TestNewsPayloadShape" name="test_settings_theme_defaults_present" time="0.106" /><testcase classname="tests.test_iteration4_retest.TestContactSettingsFull" name="test_backup_contact" time="0.104" /><testcase classname="tests.test_iteration4_retest.TestContactSettingsFull" name="test_put_preserves_all" time="0.219" /><testcase classname="tests.test_iteration4_retest.TestContactSettingsFull" name="test_restore_contact" time="0.103" /></testsuite></testsuites>