<?xml version="1.0" encoding="utf-8"?><testsuites name="pytest tests"><testsuite name="pytest" errors="0" failures="0" skipped="0" tests="14" time="3.776" timestamp="2026-07-27T15:35:49.459023+00:00" hostname="agent-env-48371ce9-f2b0-4309-95ab-6baaa157d0c3"><testcase classname="tests.test_iteration7.TestRegression" name="test_regions" time="0.303" /><testcase classname="tests.test_iteration7.TestLiveTVChannels" name="test_get_livetv_has_channels_field" time="0.370" /><testcase classname="tests.test_iteration7.TestRegression" name="test_categories" time="0.106" /><testcase classname="tests.test_iteration7.TestRegression" name="test_news_list" time="0.383" /><testcase classname="tests.test_iteration7.TestRegression" name="test_contact" time="0.140" /><testcase classname="tests.test_iteration7.TestLiveTVChannels" name="test_update_livetv_with_channels" time="1.209" /><testcase classname="tests.test_iteration7.TestRegression" name="test_weather" time="0.669" /><testcase classname="tests.test_iteration7.TestLiveTVChannels" name="test_cleanup_channels" time="0.729" /><testcase classname="tests.test_iteration7.TestRegression" name="test_stock" time="0.682" /><testcase classname="tests.test_iteration7.TestThemeFontScale" name="test_get_theme_has_new_fields" time="0.118" /><testcase classname="tests.test_iteration7.TestViewCount" name="test_create_article" time="0.148" /><testcase classname="tests.test_iteration7.TestViewCount" name="test_views_increment" time="0.629" /><testcase classname="tests.test_iteration7.TestThemeFontScale" name="test_update_font_scale_and_lang" time="0.889" /><testcase classname="tests.test_iteration7.TestViewCount" name="test_cleanup" time="0.122" /></testsuite></testsuites>