<?xml version="1.0" encoding="utf-8"?><testsuites name="pytest tests"><testsuite name="pytest" errors="0" failures="0" skipped="0" tests="43" time="7.736" timestamp="2026-07-15T14:49:21.888781+00:00" hostname="agent-env-48371ce9-f2b0-4309-95ab-6baaa157d0c3"><testcase classname="tests.test_iteration4_retest.TestAdminAuthEnforcement" name="test_admin_endpoint_requires_auth[POST-/admin/news-body0]" time="0.365" /><testcase classname="tests.test_iteration4_retest.TestArticleRegionRoundTrip" name="test_create_ka_and_get" time="0.635" /><testcase classname="tests.test_iteration4_retest.TestAdminAuthEnforcement" name="test_admin_endpoint_requires_auth[GET-/admin/news-None]" time="0.106" /><testcase classname="tests.test_iteration4_retest.TestAdminAuthEnforcement" name="test_admin_endpoint_requires_auth[PUT-/admin/settings/theme-body2]" time="0.107" /><testcase classname="tests.test_iteration4_retest.TestAdminAuthEnforcement" name="test_admin_endpoint_requires_auth[PUT-/admin/settings/contact-body3]" time="0.104" /><testcase classname="tests.test_iteration4_retest.TestArticleRegionRoundTrip" name="test_create_tn_and_national" time="0.215" /><testcase classname="tests.test_iteration4_retest.TestAdminAuthEnforcement" name="test_admin_endpoint_requires_auth[PUT-/admin/settings/livetv-body4]" time="0.105" /><testcase classname="tests.test_iteration4_retest.TestAdminAuthEnforcement" name="test_admin_endpoint_requires_auth[PUT-/admin/settings/youtube-body5]" time="0.142" /><testcase classname="tests.test_iteration4_retest.TestArticleRegionRoundTrip" name="test_filter_by_karnataka_includes_ka_excludes_tn" time="0.106" /><testcase classname="tests.test_iteration4_retest.TestAdminAuthEnforcement" name="test_admin_endpoint_requires_auth[PUT-/admin/settings/flash-config-body6]" time="0.148" /><testcase classname="tests.test_iteration4_retest.TestArticleRegionRoundTrip" name="test_filter_by_telangana_excludes_ka_and_tn" time="0.103" /><testcase classname="tests.test_iteration4_retest.TestArticleRegionRoundTrip" name="test_filter_national_returns_only_national_and_legacy" time="0.100" /><testcase classname="tests.test_iteration4_retest.TestAdminAuthEnforcement" name="test_admin_endpoint_requires_auth[POST-/admin/ads-body7]" time="0.136" /><testcase classname="tests.test_iteration4_retest.TestArticleRegionRoundTrip" name="test_cleanup" time="0.351" /><testcase classname="tests.test_iteration4_retest.TestAdminAuthEnforcement" name="test_admin_endpoint_requires_auth[GET-/admin/ads-None]" time="0.103" /><testcase classname="tests.test_iteration4_retest.TestAdminAuthEnforcement" name="test_admin_endpoint_requires_auth[PUT-/admin/pages/privacy-body9]" time="0.133" /><testcase classname="tests.test_iteration4_retest.TestAdminAuthEnforcement" name="test_admin_endpoint_requires_auth[POST-/admin/youtube/sync-None]" time="0.100" /><testcase classname="tests.test_iteration4_retest.TestAdsCRUD" name="test_create_ad" time="0.116" /><testcase classname="tests.test_iteration4_retest.TestAdminAuthEnforcement" name="test_admin_endpoint_requires_auth[POST-/admin/categories-body11]" time="0.110" /><testcase classname="tests.test_iteration4_retest.TestAdsCRUD" name="test_public_ads_lists_active" time="0.109" /><testcase classname="tests.test_iteration4_retest.TestGeoDetectRegionExtra" name="test_bengaluru_karnataka" time="0.148" /><testcase classname="tests.test_iteration4_retest.TestAdsCRUD" name="test_admin_ads_list" time="0.146" /><testcase classname="tests.test_iteration4_retest.TestGeoDetectRegionExtra" name="test_vizag_andhra_pradesh" time="0.106" /><testcase classname="tests.test_iteration4_retest.TestAdsCRUD" name="test_update_ad" time="0.110" /><testcase classname="tests.test_iteration4_retest.TestGeoDetectRegionExtra" name="test_hyderabad_telangana" time="0.108" /><testcase classname="tests.test_iteration4_retest.TestAdsCRUD" name="test_inactive_not_in_public" time="0.108" /><testcase classname="tests.test_iteration4_retest.TestGeoDetectRegionExtra" name="test_mumbai_national" time="0.144" /><testcase classname="tests.test_iteration4_retest.TestAdsCRUD" name="test_delete_ad" time="0.248" /><testcase classname="tests.test_iteration4_retest.TestGeoDetectRegionExtra" name="test_delhi_national" time="0.100" /><testcase classname="tests.test_iteration4_retest.TestPagesEditor" name="test_load_originals" time="0.372" /><testcase classname="tests.test_iteration4_retest.TestYoutubeSyncReal" name="test_save_channel_and_sync" time="0.828" /><testcase classname="tests.test_iteration4_retest.TestPagesEditor" name="test_update_privacy_and_verify" time="0.220" /><testcase classname="tests.test_iteration4_retest.TestPagesEditor" name="test_update_terms_and_verify" time="0.249" /><testcase classname="tests.test_iteration4_retest.TestYoutubeSyncReal" name="test_sync_dedupe" time="0.136" /><testcase classname="tests.test_iteration4_retest.TestPagesEditor" name="test_restore_pages" time="0.210" /><testcase classname="tests.test_iteration4_retest.TestYoutubeSyncReal" name="test_imported_articles_have_source_youtube" time="0.118" /><testcase classname="tests.test_iteration4_retest.TestYoutubeSyncReal" name="test_cleanup_youtube_imports" time="3.432" /><testcase classname="tests.test_iteration4_retest.TestNewsPayloadShape" name="test_news_list_includes_region_source_views" time="0.101" /><testcase classname="tests.test_iteration4_retest.TestNewsPayloadShape" name="test_settings_contact_defaults_present" time="0.101" /><testcase classname="tests.test_iteration4_retest.TestNewsPayloadShape" name="test_settings_theme_defaults_present" time="0.100" /><testcase classname="tests.test_iteration4_retest.TestContactSettingsFull" name="test_backup_contact" time="0.107" /><testcase classname="tests.test_iteration4_retest.TestContactSettingsFull" name="test_put_preserves_all" time="0.203" /><testcase classname="tests.test_iteration4_retest.TestContactSettingsFull" name="test_restore_contact" time="0.118" /></testsuite></testsuites>