<?xml version="1.0" encoding="utf-8"?><testsuites name="pytest tests"><testsuite name="pytest" errors="0" failures="0" skipped="0" tests="20" time="6.999" timestamp="2026-07-27T15:59:20.347011+00:00" hostname="agent-env-48371ce9-f2b0-4309-95ab-6baaa157d0c3"><testcase classname="tests.test_iteration8.TestCategoryHindi" name="test_default_categories_have_name_hi" time="0.158" /><testcase classname="tests.test_iteration8.TestCategoryHindi" name="test_create_category_with_name_hi_and_cleanup" time="0.840" /><testcase classname="tests.test_iteration8.TestFeedSources" name="test_list_includes_feed" time="0.227" /><testcase classname="tests.test_iteration8.TestFeedSources" name="test_sync_first_imports" time="0.208" /><testcase classname="tests.test_iteration8.TestFeedSources" name="test_sync_second_dedupes" time="0.160" /><testcase classname="tests.test_iteration8.TestFeedSources" name="test_list_has_last_synced" time="0.118" /><testcase classname="tests.test_iteration8.TestFeedSources" name="test_news_has_source_youtube" time="0.148" /><testcase classname="tests.test_iteration8.TestFeedSources" name="test_update_deactivate_and_sync_all_skips" time="0.347" /><testcase classname="tests.test_iteration8.TestFeedSources" name="test_delete_feed" time="2.464" /><testcase classname="tests.test_iteration8.TestRegression" name="test_public_endpoint[/regions]" time="0.135" /><testcase classname="tests.test_iteration8.TestRegression" name="test_public_endpoint[/categories]" time="0.132" /><testcase classname="tests.test_iteration8.TestRegression" name="test_public_endpoint[/news]" time="0.116" /><testcase classname="tests.test_iteration8.TestRegression" name="test_public_endpoint[/settings/contact]" time="0.118" /><testcase classname="tests.test_iteration8.TestRegression" name="test_public_endpoint[/settings/theme]" time="0.102" /><testcase classname="tests.test_iteration8.TestRegression" name="test_public_endpoint[/settings/livetv]" time="0.105" /><testcase classname="tests.test_iteration8.TestRegression" name="test_public_endpoint[/widgets/weather]" time="0.621" /><testcase classname="tests.test_iteration8.TestRegression" name="test_public_endpoint[/widgets/stock]" time="0.580" /><testcase classname="tests.test_iteration8.TestRegression" name="test_public_endpoint[/pages/privacy]" time="0.118" /><testcase classname="tests.test_iteration8.TestRegression" name="test_public_endpoint[/pages/terms]" time="0.118" /><testcase classname="tests.test_iteration8.TestRegression" name="test_public_endpoint[/ads]" time="0.127" /></testsuite></testsuites>