<?xml version="1.0" encoding="utf-8"?><testsuites name="pytest tests"><testsuite name="pytest" errors="0" failures="0" skipped="0" tests="21" time="5.876" timestamp="2026-07-15T12:31:52.641834+00:00" hostname="agent-env-48371ce9-f2b0-4309-95ab-6baaa157d0c3"><testcase classname="tests.backend_test.TestCategories" name="test_list_public" time="0.397" /><testcase classname="tests.backend_test.TestNewsPublic" name="test_list_default" time="0.389" /><testcase classname="tests.backend_test.TestNewsPublic" name="test_flash_filter" time="0.488" /><testcase classname="tests.backend_test.TestNewsPublic" name="test_search_query" time="1.861" /><testcase classname="tests.backend_test.TestCategories" name="test_create_update_delete_category" time="1.776" /><testcase classname="tests.backend_test.TestCategories" name="test_create_duplicate_category_fails" time="1.227" /><testcase classname="tests.backend_test.TestNewsPublic" name="test_pagination" time="0.244" /><testcase classname="tests.backend_test.TestNewsPublic" name="test_category_filter" time="0.227" /><testcase classname="tests.backend_test.TestAuth" name="test_login_success" time="0.537" /><testcase classname="tests.backend_test.TestCategories" name="test_delete_category_with_articles_fails" time="0.856" /><testcase classname="tests.backend_test.TestAuth" name="test_login_bad_password" time="0.367" /><testcase classname="tests.backend_test.TestAuth" name="test_me_requires_auth" time="0.240" /><testcase classname="tests.backend_test.TestCategories" name="test_admin_requires_auth" time="0.155" /><testcase classname="tests.backend_test.TestLiveTV" name="test_get_settings" time="0.303" /><testcase classname="tests.backend_test.TestAuth" name="test_me_with_token" time="0.507" /><testcase classname="tests.backend_test.TestLiveTV" name="test_update_settings_youtube" time="0.210" /><testcase classname="tests.backend_test.TestNewsAdmin" name="test_create_article_with_flash_and_gallery" time="0.327" /><testcase classname="tests.backend_test.TestLiveTV" name="test_update_settings_mp4" time="0.126" /><testcase classname="tests.backend_test.TestLiveTV" name="test_restore_original" time="0.129" /><testcase classname="tests.backend_test.TestNewsAdmin" name="test_cleanup" time="0.108" /><testcase classname="tests.backend_test.TestHealth" name="test_root" time="0.098" /></testsuite></testsuites>